Speed_Memory/SpeedMemory/app/manifest-merger-release-report.txt
-- Merging decision tree log ---
manifest
ADDED from AndroidManifest.xml:2:1
	package
		ADDED from AndroidManifest.xml:3:5
		INJECTED from AndroidManifest.xml:0:0
		INJECTED from AndroidManifest.xml:0:0
	android:versionName
		INJECTED from AndroidManifest.xml:0:0
		INJECTED from AndroidManifest.xml:0:0
	xmlns:android
		ADDED from AndroidManifest.xml:2:11
	android:versionCode
		INJECTED from AndroidManifest.xml:0:0
		INJECTED from AndroidManifest.xml:0:0
uses-permission#android.permission.WAKE_LOCK
ADDED from AndroidManifest.xml:5:5
	android:name
		ADDED from AndroidManifest.xml:5:22
application
ADDED from AndroidManifest.xml:7:5
MERGED from com.android.support:appcompat-v7:21.0.3:16:5
MERGED from com.android.support:support-v4:21.0.3:16:5
	android:label
		ADDED from AndroidManifest.xml:10:9
	android:allowBackup
		ADDED from AndroidManifest.xml:8:9
	android:icon
		ADDED from AndroidManifest.xml:9:9
	android:theme
		ADDED from AndroidManifest.xml:11:9
activity#com.devint.cindy.speedmemory.activities.MainActivity
ADDED from AndroidManifest.xml:12:9
	android:screenOrientation
		ADDED from AndroidManifest.xml:15:13
	android:label
		ADDED from AndroidManifest.xml:14:13
	android:name
		ADDED from AndroidManifest.xml:13:13
intent-filter#android.intent.action.MAIN+android.intent.category.LAUNCHER
ADDED from AndroidManifest.xml:16:13
action#android.intent.action.MAIN
ADDED from AndroidManifest.xml:17:17
	android:name
		ADDED from AndroidManifest.xml:17:25
category#android.intent.category.LAUNCHER
ADDED from AndroidManifest.xml:19:17
	android:name
		ADDED from AndroidManifest.xml:19:27
activity#com.devint.cindy.speedmemory.activities.EasyGameActivity
ADDED from AndroidManifest.xml:22:9
	android:screenOrientation
		ADDED from AndroidManifest.xml:25:13
	android:label
		ADDED from AndroidManifest.xml:24:13
	android:name
		ADDED from AndroidManifest.xml:23:13
activity#com.devint.cindy.speedmemory.activities.HelpActivity
ADDED from AndroidManifest.xml:27:9
	android:screenOrientation
		ADDED from AndroidManifest.xml:30:13
	android:label
		ADDED from AndroidManifest.xml:29:13
	android:name
		ADDED from AndroidManifest.xml:28:13
activity#com.devint.cindy.speedmemory.activities.FinalActivity
ADDED from AndroidManifest.xml:32:9
	android:screenOrientation
		ADDED from AndroidManifest.xml:35:13
	android:label
		ADDED from AndroidManifest.xml:34:13
	android:name
		ADDED from AndroidManifest.xml:33:13
activity#com.devint.cindy.speedmemory.activities.OptionsActivity
ADDED from AndroidManifest.xml:37:9
	android:screenOrientation
		ADDED from AndroidManifest.xml:40:13
	android:label
		ADDED from AndroidManifest.xml:39:13
	android:name
		ADDED from AndroidManifest.xml:38:13
activity#com.devint.cindy.speedmemory.activities.HardGameActivity
ADDED from AndroidManifest.xml:42:9
	android:screenOrientation
		ADDED from AndroidManifest.xml:45:13
	android:label
		ADDED from AndroidManifest.xml:44:13
	android:name
		ADDED from AndroidManifest.xml:43:13
activity#com.devint.cindy.speedmemory.activities.MediumGameActivity
ADDED from AndroidManifest.xml:47:9
	android:screenOrientation
		ADDED from AndroidManifest.xml:50:13
	android:label
		ADDED from AndroidManifest.xml:49:13
	android:name
		ADDED from AndroidManifest.xml:48:13
activity#com.devint.cindy.speedmemory.activities.ClassementActivity
ADDED from AndroidManifest.xml:52:9
	android:screenOrientation
		ADDED from AndroidManifest.xml:55:13
	android:label
		ADDED from AndroidManifest.xml:54:13
	android:name
		ADDED from AndroidManifest.xml:53:13
uses-sdk
INJECTED from AndroidManifest.xml:0:0 reason: use-sdk injection requested
MERGED from com.android.support:appcompat-v7:21.0.3:15:5
MERGED from com.android.support:support-v4:21.0.3:15:5
	android:targetSdkVersion
		INJECTED from AndroidManifest.xml:0:0
		INJECTED from AndroidManifest.xml:0:0
	android:minSdkVersion
		INJECTED from AndroidManifest.xml:0:0
		INJECTED from AndroidManifest.xml:0:0